<?xml version="1.0" encoding="UTF-8"?>
<!-- Generated by org.testng.reporters.JUnitReportReporter -->
<testsuite skipped="0" hostname="PROBOOK640" name="com.gpsoft.tests.LoginTest" tests="1" failures="0" timestamp="08 Feb 2020 18:00:42 GMT" time="47.700" errors="0">
  <testcase name="titleTest" time="47.700" classname="com.gpsoft.tests.LoginTest"/>
</testsuite> <!-- com.gpsoft.tests.LoginTest -->
